15-Aug-16 12:42:26 PM	This log contains information about the import schema operation into project 'Omnia.Database' on computer 'DESKTOP-06I72HE' by user 'ovidiu.tudorache'.
15-Aug-16 12:42:26 PM	Import of database schema has started.
15-Aug-16 12:42:31 PM	Gathering database options
15-Aug-16 12:42:31 PM	Gathering users
15-Aug-16 12:42:31 PM	Gathering roles
15-Aug-16 12:42:31 PM	Gathering application roles
15-Aug-16 12:42:31 PM	Gathering role memberships
15-Aug-16 12:42:31 PM	Gathering filegroups
15-Aug-16 12:42:31 PM	Gathering full-text catalogs
15-Aug-16 12:42:31 PM	Gathering assemblies
15-Aug-16 12:42:31 PM	Gathering certificates
15-Aug-16 12:42:31 PM	Gathering asymmetric keys
15-Aug-16 12:42:31 PM	Gathering symmetric keys
15-Aug-16 12:42:31 PM	Gathering encrypted symmetric keys
15-Aug-16 12:42:31 PM	Gathering schemas
15-Aug-16 12:42:31 PM	Gathering XML schema collections
15-Aug-16 12:42:31 PM	Gathering user-defined data types
15-Aug-16 12:42:31 PM	Gathering user-defined types
15-Aug-16 12:42:31 PM	Gathering table types
15-Aug-16 12:42:31 PM	Gathering unique keys for table types
15-Aug-16 12:42:31 PM	Gathering primary keys for table types
15-Aug-16 12:42:31 PM	Gathering indexes for table types
15-Aug-16 12:42:31 PM	Gathering check constraints for table types
15-Aug-16 12:42:31 PM	Gathering default constraints for table types
15-Aug-16 12:42:31 PM	Gathering partition functions
15-Aug-16 12:42:31 PM	Gathering partition schemes
15-Aug-16 12:42:31 PM	Gathering functions
15-Aug-16 12:42:31 PM	Gathering encrypted functions
15-Aug-16 12:42:31 PM	Gathering aggregates
15-Aug-16 12:42:31 PM	Gathering procedures
15-Aug-16 12:42:31 PM	Gathering encrypted procedures
15-Aug-16 12:42:31 PM	Gathering tables
15-Aug-16 12:42:32 PM	Gathering primary keys
15-Aug-16 12:42:32 PM	Gathering unique constraints
15-Aug-16 12:42:32 PM	Gathering foreign keys
15-Aug-16 12:42:32 PM	Gathering default constraints
15-Aug-16 12:42:32 PM	Gathering check constraints
15-Aug-16 12:42:32 PM	Gathering views
15-Aug-16 12:42:32 PM	Gathering encrypted views
15-Aug-16 12:42:32 PM	Gathering indexes
15-Aug-16 12:42:32 PM	Gathering statistics
15-Aug-16 12:42:32 PM	Gathering full-text index stoplists
15-Aug-16 12:42:32 PM	Gathering search property lists
15-Aug-16 12:42:32 PM	Gathering search properties
15-Aug-16 12:42:32 PM	Gathering full-text indexes
15-Aug-16 12:42:32 PM	Gathering column store indexes
15-Aug-16 12:42:32 PM	Gathering spatial indexes
15-Aug-16 12:42:32 PM	Gathering XML indexes
15-Aug-16 12:42:32 PM	Gathering Selective XML indexes
15-Aug-16 12:42:32 PM	Gathering encrypted triggers
15-Aug-16 12:42:32 PM	Gathering triggers
15-Aug-16 12:42:32 PM	Gathering encrypted and clr ddl triggers
15-Aug-16 12:42:32 PM	Gathering ddl triggers
15-Aug-16 12:42:32 PM	Gathering synonyms
15-Aug-16 12:42:32 PM	Gathering defaults
15-Aug-16 12:42:32 PM	Gathering data constraint uddt bindings
15-Aug-16 12:42:32 PM	Gathering rules
15-Aug-16 12:42:32 PM	Gathering data constraint uddt bindings
15-Aug-16 12:42:32 PM	Gathering message types
15-Aug-16 12:42:32 PM	Gathering queues
15-Aug-16 12:42:32 PM	Gathering contracts
15-Aug-16 12:42:32 PM	Gathering services
15-Aug-16 12:42:32 PM	Gathering event notifications
15-Aug-16 12:42:32 PM	Gathering remote service bindings
15-Aug-16 12:42:32 PM	Gathering broker priorities
15-Aug-16 12:42:32 PM	Gathering signatures
15-Aug-16 12:42:32 PM	Gathering data compression options
15-Aug-16 12:42:32 PM	Gathering sequence types
15-Aug-16 12:42:32 PM	Gathering security policies
15-Aug-16 12:42:32 PM	Gather column encryption keys
15-Aug-16 12:42:32 PM	Gathering column master keys
15-Aug-16 12:42:32 PM	Gathering external data sources
15-Aug-16 12:42:32 PM	Gathering external file formats
15-Aug-16 12:42:32 PM	Gathering external tables
15-Aug-16 12:42:32 PM	Gathering extended properties
15-Aug-16 12:42:32 PM	Scanning project for duplicate elements
15-Aug-16 12:42:32 PM	Finished duplicate element processing
15-Aug-16 12:42:32 PM	Finished importing database.
15-Aug-16 12:42:32 PM	A summary of the import was saved to the following location: C:\Projects\Git\RomanianSoftware\Prototypes\trunk\Omnia\Omnia.Database\Import Schema Logs\Omnia.Database_20160815094226.log
15-Aug-16 12:42:32 PM	Click Finish to continue...
